<?xml version="1.0" encoding="UTF-8"?>
<!-- Generated by org.testng.reporters.JUnitXMLReporter -->
<testsuite hostname="MX-IT03914" name="Test Basics 1" tests="3" failures="0" timestamp="11 May 2021 06:13:48 GMT" time="15.332" errors="0">
  <testcase name="test002" time="5.287" classname="com.rogelio.mx.test.Tests"/>
  <testcase name="test003" time="5.023" classname="com.rogelio.mx.test.Tests"/>
  <testcase name="testOne" time="5.014" classname="com.rogelio.mx.test.Tests"/>
</testsuite> <!-- Test Basics 1 -->
