<?xml version="1.0" encoding="UTF-8"?>
<testng-results skipped="0" failed="0" total="3" passed="3">
  <reporter-output>
  </reporter-output>
  <suite name="Practice Suite" duration-ms="15332" started-at="2021-05-11T06:13:33Z" finished-at="2021-05-11T06:13:48Z">
    <groups>
    </groups>
    <test name="Test Basics 1" duration-ms="15332" started-at="2021-05-11T06:13:33Z" finished-at="2021-05-11T06:13:48Z">
      <class name="com.rogelio.mx.test.Tests">
        <test-method status="PASS" signature="test002()[pri:0, instance:com.rogelio.mx.test.Tests@2d3fcdbd]" name="test002" duration-ms="5287" started-at="2021-05-11T01:13:33Z" description="R002: The user should be able to identify the name of the first pokemon" finished-at="2021-05-11T01:13:38Z">
          <reporter-output>
          </reporter-output>
        </test-method> <!-- test002 -->
        <test-method status="PASS" signature="test003()[pri:0, instance:com.rogelio.mx.test.Tests@2d3fcdbd]" name="test003" duration-ms="5023" started-at="2021-05-11T01:13:38Z" description="R002: The user should be able to identify all the pokemons contest type" finished-at="2021-05-11T01:13:43Z">
          <reporter-output>
          </reporter-output>
        </test-method> <!-- test003 -->
        <test-method status="PASS" signature="testOne()[pri:0, instance:com.rogelio.mx.test.Tests@2d3fcdbd]" name="testOne" duration-ms="5014" started-at="2021-05-11T01:13:43Z" description="R001: The user should be able to see all the pokemons on the first page results on pokedex" finished-at="2021-05-11T01:13:48Z">
          <reporter-output>
          </reporter-output>
        </test-method> <!-- testOne -->
      </class> <!-- com.rogelio.mx.test.Tests -->
    </test> <!-- Test Basics 1 -->
  </suite> <!-- Practice Suite -->
</testng-results>
