<?xml version="1.0" encoding="UTF-8"?>
<testsuite xmlns:xsi="http://www.w3.org/2001/XMLSchema-instance" xsi:noNamespaceSchemaLocation="https://maven.apache.org/surefire/maven-surefire-plugin/xsd/surefire-test-report-3.0.xsd" version="3.0" name="TestSuite" time="15.791" tests="3" errors="0" skipped="0" failures="0">
  <properties>
[...]
</properties>
  <testcase name="test002" classname="com.rogelio.mx.test.Tests" time="5.407">
    <system-err><![CDATA[May 11, 2021 1:13:33 AM okhttp3.internal.platform.Platform log
INFO: --> GET https://pokeapi.co/api/v2/pokemon?offset=20&limit=20
May 11, 2021 1:13:33 AM okhttp3.internal.platform.Platform log
INFO: --> END GET
May 11, 2021 1:13:34 AM okhttp3.internal.platform.Platform log
INFO: <-- 200 https://pokeapi.co/api/v2/pokemon?offset=20&limit=20 (285ms)
May 11, 2021 1:13:34 AM okhttp3.internal.platform.Platform log
INFO: date: Tue, 11 May 2021 06:13:37 GMT
May 11, 2021 1:13:34 AM okhttp3.internal.platform.Platform log
INFO: content-type: application/json; charset=utf-8
May 11, 2021 1:13:34 AM okhttp3.internal.platform.Platform log
INFO: access-control-allow-origin: *
May 11, 2021 1:13:34 AM okhttp3.internal.platform.Platform log
INFO: cache-control: public, max-age=86400, s-maxage=86400
May 11, 2021 1:13:34 AM okhttp3.internal.platform.Platform log
INFO: etag: W/"5bd-TgkQoQBfi6p5AftPliBuf0ChBZA"
May 11, 2021 1:13:34 AM okhttp3.internal.platform.Platform log
INFO: function-execution-id: 6jocf7fmutcn
May 11, 2021 1:13:34 AM okhttp3.internal.platform.Platform log
INFO: x-cloud-trace-context: 9344d9e02ff499b90ed601545ca88ac0
May 11, 2021 1:13:34 AM okhttp3.internal.platform.Platform log
INFO: x-country-code: MX
May 11, 2021 1:13:34 AM okhttp3.internal.platform.Platform log
INFO: x-orig-accept-language: en-US,en;q=0.9
May 11, 2021 1:13:34 AM okhttp3.internal.platform.Platform log
INFO: x-powered-by: Express
May 11, 2021 1:13:34 AM okhttp3.internal.platform.Platform log
INFO: x-served-by: cache-dfw18668-DFW
May 11, 2021 1:13:34 AM okhttp3.internal.platform.Platform log
INFO: x-cache: HIT
May 11, 2021 1:13:34 AM okhttp3.internal.platform.Platform log
INFO: x-cache-hits: 1
May 11, 2021 1:13:34 AM okhttp3.internal.platform.Platform log
INFO: x-timer: S1620100972.314628,VS0,VE1
May 11, 2021 1:13:34 AM okhttp3.internal.platform.Platform log
INFO: vary: Accept-Encoding,cookie,need-authorization, x-fh-requested-host, accept-encoding
May 11, 2021 1:13:34 AM okhttp3.internal.platform.Platform log
INFO: cf-cache-status: HIT
May 11, 2021 1:13:34 AM okhttp3.internal.platform.Platform log
INFO: age: 45875
May 11, 2021 1:13:34 AM okhttp3.internal.platform.Platform log
INFO: accept-ranges: bytes
May 11, 2021 1:13:34 AM okhttp3.internal.platform.Platform log
INFO: cf-request-id: 09fba8518600005247e78c0000000001
May 11, 2021 1:13:34 AM okhttp3.internal.platform.Platform log
INFO: expect-ct: max-age=604800, report-uri="https://report-uri.cloudflare.com/cdn-cgi/beacon/expect-ct"
May 11, 2021 1:13:34 AM okhttp3.internal.platform.Platform log
INFO: report-to: {"endpoints":[{"url":"https:\/\/a.nel.cloudflare.com\/report?s=WoJEIgBffbbfe4LiDQZFIrxTnZNNw9aY49Fq0L%2BnoHvrH%2BleslX1uYSAVBgim7yUOyLqkGqLpOOT5aUQPSzeBEQpPNQibGbPwybW"}],"group":"cf-nel","max_age":604800}
May 11, 2021 1:13:34 AM okhttp3.internal.platform.Platform log
INFO: nel: {"report_to":"cf-nel","max_age":604800}
May 11, 2021 1:13:34 AM okhttp3.internal.platform.Platform log
INFO: server: cloudflare
May 11, 2021 1:13:34 AM okhttp3.internal.platform.Platform log
INFO: cf-ray: 64d9432f3e7e5247-MEX
May 11, 2021 1:13:34 AM okhttp3.internal.platform.Platform log
INFO: alt-svc: h3-27=":443"; ma=86400, h3-28=":443"; ma=86400, h3-29=":443"; ma=86400
May 11, 2021 1:13:34 AM okhttp3.internal.platform.Platform log
INFO: 
May 11, 2021 1:13:34 AM okhttp3.internal.platform.Platform log
INFO: {"count":1118,"next":"https://pokeapi.co/api/v2/pokemon?offset=40&limit=20","previous":"https://pokeapi.co/api/v2/pokemon?offset=0&limit=20","results":[{"name":"spearow","url":"https://pokeapi.co/api/v2/pokemon/21/"},{"name":"fearow","url":"https://pokeapi.co/api/v2/pokemon/22/"},{"name":"ekans","url":"https://pokeapi.co/api/v2/pokemon/23/"},{"name":"arbok","url":"https://pokeapi.co/api/v2/pokemon/24/"},{"name":"pikachu","url":"https://pokeapi.co/api/v2/pokemon/25/"},{"name":"raichu","url":"https://pokeapi.co/api/v2/pokemon/26/"},{"name":"sandshrew","url":"https://pokeapi.co/api/v2/pokemon/27/"},{"name":"sandslash","url":"https://pokeapi.co/api/v2/pokemon/28/"},{"name":"nidoran-f","url":"https://pokeapi.co/api/v2/pokemon/29/"},{"name":"nidorina","url":"https://pokeapi.co/api/v2/pokemon/30/"},{"name":"nidoqueen","url":"https://pokeapi.co/api/v2/pokemon/31/"},{"name":"nidoran-m","url":"https://pokeapi.co/api/v2/pokemon/32/"},{"name":"nidorino","url":"https://pokeapi.co/api/v2/pokemon/33/"},{"name":"nidoking","url":"https://pokeapi.co/api/v2/pokemon/34/"},{"name":"clefairy","url":"https://pokeapi.co/api/v2/pokemon/35/"},{"name":"clefable","url":"https://pokeapi.co/api/v2/pokemon/36/"},{"name":"vulpix","url":"https://pokeapi.co/api/v2/pokemon/37/"},{"name":"ninetales","url":"https://pokeapi.co/api/v2/pokemon/38/"},{"name":"jigglypuff","url":"https://pokeapi.co/api/v2/pokemon/39/"},{"name":"wigglytuff","url":"https://pokeapi.co/api/v2/pokemon/40/"}]}
May 11, 2021 1:13:34 AM okhttp3.internal.platform.Platform log
INFO: <-- END HTTP (1469-byte body)
]]></system-err>
  </testcase>
  <testcase name="test003" classname="com.rogelio.mx.test.Tests" time="4.977">
    <system-err><![CDATA[May 11, 2021 1:13:38 AM okhttp3.internal.platform.Platform log
INFO: --> GET https://pokeapi.co/api/v2/contest-type
May 11, 2021 1:13:38 AM okhttp3.internal.platform.Platform log
INFO: --> END GET
May 11, 2021 1:13:38 AM okhttp3.internal.platform.Platform log
INFO: <-- 200 https://pokeapi.co/api/v2/contest-type (19ms)
May 11, 2021 1:13:38 AM okhttp3.internal.platform.Platform log
INFO: date: Tue, 11 May 2021 06:13:42 GMT
May 11, 2021 1:13:38 AM okhttp3.internal.platform.Platform log
INFO: content-type: application/json; charset=utf-8
May 11, 2021 1:13:38 AM okhttp3.internal.platform.Platform log
INFO: access-control-allow-origin: *
May 11, 2021 1:13:38 AM okhttp3.internal.platform.Platform log
INFO: cache-control: public, max-age=86400, s-maxage=86400
May 11, 2021 1:13:38 AM okhttp3.internal.platform.Platform log
INFO: etag: W/"181-VUN11XfJqCpc9UDV2Y35rnNhwMo"
May 11, 2021 1:13:38 AM okhttp3.internal.platform.Platform log
INFO: function-execution-id: nzftsk4krbzt
May 11, 2021 1:13:38 AM okhttp3.internal.platform.Platform log
INFO: x-cloud-trace-context: f371d3acc1df3d103061c8555bd91d2e
May 11, 2021 1:13:38 AM okhttp3.internal.platform.Platform log
INFO: x-country-code: MX
May 11, 2021 1:13:38 AM okhttp3.internal.platform.Platform log
INFO: x-powered-by: Express
May 11, 2021 1:13:38 AM okhttp3.internal.platform.Platform log
INFO: x-served-by: cache-dal21274-DAL
May 11, 2021 1:13:38 AM okhttp3.internal.platform.Platform log
INFO: x-cache: MISS
May 11, 2021 1:13:38 AM okhttp3.internal.platform.Platform log
INFO: x-cache-hits: 0
May 11, 2021 1:13:38 AM okhttp3.internal.platform.Platform log
INFO: x-timer: S1620709753.931759,VS0,VE200
May 11, 2021 1:13:38 AM okhttp3.internal.platform.Platform log
INFO: vary: Accept-Encoding,cookie,need-authorization, x-fh-requested-host, accept-encoding
May 11, 2021 1:13:38 AM okhttp3.internal.platform.Platform log
INFO: cf-cache-status: HIT
May 11, 2021 1:13:38 AM okhttp3.internal.platform.Platform log
INFO: age: 3869
May 11, 2021 1:13:38 AM okhttp3.internal.platform.Platform log
INFO: cf-request-id: 09fba8642e00005247cebaa000000001
May 11, 2021 1:13:38 AM okhttp3.internal.platform.Platform log
INFO: expect-ct: max-age=604800, report-uri="https://report-uri.cloudflare.com/cdn-cgi/beacon/expect-ct"
May 11, 2021 1:13:38 AM okhttp3.internal.platform.Platform log
INFO: report-to: {"endpoints":[{"url":"https:\/\/a.nel.cloudflare.com\/report?s=M0U78QkLnKTYP0q%2F0cMkiIf9foTBr%2F1d7Q5in10bS1Z42G23pA4AQ%2BEXlraesMPbGX4Qn1bKWR6RgY0i7viIxoa39r4WOMVmSxVx"}],"group":"cf-nel","max_age":604800}
May 11, 2021 1:13:38 AM okhttp3.internal.platform.Platform log
INFO: nel: {"report_to":"cf-nel","max_age":604800}
May 11, 2021 1:13:38 AM okhttp3.internal.platform.Platform log
INFO: server: cloudflare
May 11, 2021 1:13:38 AM okhttp3.internal.platform.Platform log
INFO: cf-ray: 64d9434d1e0e5247-MEX
May 11, 2021 1:13:38 AM okhttp3.internal.platform.Platform log
INFO: alt-svc: h3-27=":443"; ma=86400, h3-28=":443"; ma=86400, h3-29=":443"; ma=86400
May 11, 2021 1:13:38 AM okhttp3.internal.platform.Platform log
INFO: 
May 11, 2021 1:13:38 AM okhttp3.internal.platform.Platform log
INFO: {"count":5,"next":null,"previous":null,"results":[{"name":"cool","url":"https://pokeapi.co/api/v2/contest-type/1/"},{"name":"beauty","url":"https://pokeapi.co/api/v2/contest-type/2/"},{"name":"cute","url":"https://pokeapi.co/api/v2/contest-type/3/"},{"name":"smart","url":"https://pokeapi.co/api/v2/contest-type/4/"},{"name":"tough","url":"https://pokeapi.co/api/v2/contest-type/5/"}]}
May 11, 2021 1:13:38 AM okhttp3.internal.platform.Platform log
INFO: <-- END HTTP (385-byte body)
log4j:WARN No appenders could be found for logger (com.rogelio.mx.service.PokemonService).
log4j:WARN Please initialize the log4j system properly.
log4j:WARN See http://logging.apache.org/log4j/1.2/faq.html#noconfig for more info.
]]></system-err>
  </testcase>
  <testcase name="testOne" classname="com.rogelio.mx.test.Tests" time="5.044">
    <system-err><![CDATA[May 11, 2021 1:13:43 AM okhttp3.internal.platform.Platform log
INFO: --> GET https://pokeapi.co/api/v2/pokemon?offset=20&limit=20
May 11, 2021 1:13:43 AM okhttp3.internal.platform.Platform log
INFO: --> END GET
May 11, 2021 1:13:43 AM okhttp3.internal.platform.Platform log
INFO: <-- 200 https://pokeapi.co/api/v2/pokemon?offset=20&limit=20 (13ms)
May 11, 2021 1:13:43 AM okhttp3.internal.platform.Platform log
INFO: date: Tue, 11 May 2021 06:13:47 GMT
May 11, 2021 1:13:43 AM okhttp3.internal.platform.Platform log
INFO: content-type: application/json; charset=utf-8
May 11, 2021 1:13:43 AM okhttp3.internal.platform.Platform log
INFO: access-control-allow-origin: *
May 11, 2021 1:13:43 AM okhttp3.internal.platform.Platform log
INFO: cache-control: public, max-age=86400, s-maxage=86400
May 11, 2021 1:13:43 AM okhttp3.internal.platform.Platform log
INFO: etag: W/"5bd-TgkQoQBfi6p5AftPliBuf0ChBZA"
May 11, 2021 1:13:43 AM okhttp3.internal.platform.Platform log
INFO: function-execution-id: 6jocf7fmutcn
May 11, 2021 1:13:43 AM okhttp3.internal.platform.Platform log
INFO: x-cloud-trace-context: 9344d9e02ff499b90ed601545ca88ac0
May 11, 2021 1:13:43 AM okhttp3.internal.platform.Platform log
INFO: x-country-code: MX
May 11, 2021 1:13:43 AM okhttp3.internal.platform.Platform log
INFO: x-orig-accept-language: en-US,en;q=0.9
May 11, 2021 1:13:43 AM okhttp3.internal.platform.Platform log
INFO: x-powered-by: Express
May 11, 2021 1:13:43 AM okhttp3.internal.platform.Platform log
INFO: x-served-by: cache-dfw18668-DFW
May 11, 2021 1:13:43 AM okhttp3.internal.platform.Platform log
INFO: x-cache: HIT
May 11, 2021 1:13:43 AM okhttp3.internal.platform.Platform log
INFO: x-cache-hits: 1
May 11, 2021 1:13:43 AM okhttp3.internal.platform.Platform log
INFO: x-timer: S1620100972.314628,VS0,VE1
May 11, 2021 1:13:43 AM okhttp3.internal.platform.Platform log
INFO: vary: Accept-Encoding,cookie,need-authorization, x-fh-requested-host, accept-encoding
May 11, 2021 1:13:43 AM okhttp3.internal.platform.Platform log
INFO: cf-cache-status: HIT
May 11, 2021 1:13:43 AM okhttp3.internal.platform.Platform log
INFO: age: 45885
May 11, 2021 1:13:43 AM okhttp3.internal.platform.Platform log
INFO: accept-ranges: bytes
May 11, 2021 1:13:43 AM okhttp3.internal.platform.Platform log
INFO: cf-request-id: 09fba877ca00005247f308b000000001
May 11, 2021 1:13:43 AM okhttp3.internal.platform.Platform log
INFO: expect-ct: max-age=604800, report-uri="https://report-uri.cloudflare.com/cdn-cgi/beacon/expect-ct"
May 11, 2021 1:13:43 AM okhttp3.internal.platform.Platform log
INFO: report-to: {"endpoints":[{"url":"https:\/\/a.nel.cloudflare.com\/report?s=4xtQqWDXWogwzgAxUglrzTjL5Bf%2B%2BuACDpWEJitxjSsa48zxW6zDa7opFV9y8Ih8fQB1%2BxI5Ew3cNgUBYzm7mVzAqolZo74AXyO4"}],"group":"cf-nel","max_age":604800}
May 11, 2021 1:13:43 AM okhttp3.internal.platform.Platform log
INFO: nel: {"report_to":"cf-nel","max_age":604800}
May 11, 2021 1:13:43 AM okhttp3.internal.platform.Platform log
INFO: server: cloudflare
May 11, 2021 1:13:43 AM okhttp3.internal.platform.Platform log
INFO: cf-ray: 64d9436c7f235247-MEX
May 11, 2021 1:13:43 AM okhttp3.internal.platform.Platform log
INFO: alt-svc: h3-27=":443"; ma=86400, h3-28=":443"; ma=86400, h3-29=":443"; ma=86400
May 11, 2021 1:13:43 AM okhttp3.internal.platform.Platform log
INFO: 
May 11, 2021 1:13:43 AM okhttp3.internal.platform.Platform log
INFO: {"count":1118,"next":"https://pokeapi.co/api/v2/pokemon?offset=40&limit=20","previous":"https://pokeapi.co/api/v2/pokemon?offset=0&limit=20","results":[{"name":"spearow","url":"https://pokeapi.co/api/v2/pokemon/21/"},{"name":"fearow","url":"https://pokeapi.co/api/v2/pokemon/22/"},{"name":"ekans","url":"https://pokeapi.co/api/v2/pokemon/23/"},{"name":"arbok","url":"https://pokeapi.co/api/v2/pokemon/24/"},{"name":"pikachu","url":"https://pokeapi.co/api/v2/pokemon/25/"},{"name":"raichu","url":"https://pokeapi.co/api/v2/pokemon/26/"},{"name":"sandshrew","url":"https://pokeapi.co/api/v2/pokemon/27/"},{"name":"sandslash","url":"https://pokeapi.co/api/v2/pokemon/28/"},{"name":"nidoran-f","url":"https://pokeapi.co/api/v2/pokemon/29/"},{"name":"nidorina","url":"https://pokeapi.co/api/v2/pokemon/30/"},{"name":"nidoqueen","url":"https://pokeapi.co/api/v2/pokemon/31/"},{"name":"nidoran-m","url":"https://pokeapi.co/api/v2/pokemon/32/"},{"name":"nidorino","url":"https://pokeapi.co/api/v2/pokemon/33/"},{"name":"nidoking","url":"https://pokeapi.co/api/v2/pokemon/34/"},{"name":"clefairy","url":"https://pokeapi.co/api/v2/pokemon/35/"},{"name":"clefable","url":"https://pokeapi.co/api/v2/pokemon/36/"},{"name":"vulpix","url":"https://pokeapi.co/api/v2/pokemon/37/"},{"name":"ninetales","url":"https://pokeapi.co/api/v2/pokemon/38/"},{"name":"jigglypuff","url":"https://pokeapi.co/api/v2/pokemon/39/"},{"name":"wigglytuff","url":"https://pokeapi.co/api/v2/pokemon/40/"}]}
May 11, 2021 1:13:43 AM okhttp3.internal.platform.Platform log
INFO: <-- END HTTP (1469-byte body)
]]></system-err>
  </testcase>
</testsuite>