<?xml version="1.0" encoding="UTF-8"?>
<testng-results total="1" passed="1" failed="0" skipped="0">
  <reporter-output>
  </reporter-output>
  <suite started-at="2021-05-11T04:00:08Z" name="Practice Suite" finished-at="2021-05-11T04:00:14Z" duration-ms="5253">
    <groups>
    </groups>
    <test started-at="2021-05-11T04:00:08Z" name="Test Basics 1" finished-at="2021-05-11T04:00:14Z" duration-ms="5253">
      <class name="com.rogelio.mx.test.Tests">
        <test-method signature="testOne()[pri:0, instance:com.rogelio.mx.test.Tests@3bf7ca37]" started-at="2021-05-10T23:00:08Z" name="testOne" finished-at="2021-05-10T23:00:14Z" duration-ms="5243" status="PASS">
          <reporter-output>
          </reporter-output>
        </test-method> <!-- testOne -->
      </class> <!-- com.rogelio.mx.test.Tests -->
    </test> <!-- Test Basics 1 -->
  </suite> <!-- Practice Suite -->
</testng-results>
